@I [HLS-0] Workspace /home/warehouse/lbremer/ese566/workload_PWM/hls_fixedp_pid_prj/solution_pwd opened at Tue Oct 13 08:18:44 CDT 2015
@I [HLS-100] Command 'open_solution' returned 0; elapsed 0Total elapsed time: 0.784 sec.
@I [HLS-100] Command "set_part xc7z010clg400-1 "
@I [HLS-100] Command "add_library xilinx/zynq/zynq:xc7z010:clg400:-1 "
@I [HLS-100] Command "get_default_platform "
@I [HLS-100] Command 'get_default_platform' returned 0; elapsed 0Total elapsed time: 0.789 sec.
@I [HLS-100] Command "license_exists VIVADO_HLS "
@I [HLS-100] Command 'license_exists' returned 1; elapsed 0Total elapsed time: 0.813 sec.
@I [HLS-100] Command "license_exists ap_opencl "
@I [HLS-100] Command 'license_exists' returned 1; elapsed 0.01Total elapsed time: 0.835 sec.
@I [HLS-100] Command "license_exists AUTOESL_NI "
@I [HLS-100] Command 'license_exists' returned 1; elapsed 0Total elapsed time: 0.855 sec.
@I [HLS-100] Command "license_exists HLS "
@I [HLS-100] Command 'license_exists' returned 0; elapsed 0Total elapsed time: 0.855 sec.
@I [HLS-100] Command "open_platform DefaultPlatform "
@I [HLS-100] Command 'open_platform' returned 0; elapsed 0Total elapsed time: 0.861 sec.
@I [HLS-100] Command "import_lib /project/linuxlab/xilinx/xilinx/Vivado_HLS/Vivado_HLS/common/technology/xilinx/zynq/zynq "
@I [HLS-100] Command "source /project/linuxlab/xilinx/xilinx/Vivado_HLS/Vivado_HLS/common/technology/xilinx/common/xilinx.lib "
@I [HLS-100] Command "source /project/linuxlab/xilinx/xilinx/Vivado_HLS/Vivado_HLS/common/technology/xilinx/interface/xilinx_interface.lib "
@I [HLS-100] Command "source /project/linuxlab/xilinx/xilinx/Vivado_HLS/Vivado_HLS/common/technology/xilinx/interface/plb46.lib "
@I [HLS-100] Command 'ap_source' returned 0; elapsed 0Total elapsed time: 0.872 sec.
@I [HLS-100] Command "source /project/linuxlab/xilinx/xilinx/Vivado_HLS/Vivado_HLS/common/technology/xilinx/interface/fsl.lib "
@I [HLS-100] Command 'ap_source' returned 0; elapsed 0Total elapsed time: 0.874 sec.
@I [HLS-100] Command "source /project/linuxlab/xilinx/xilinx/Vivado_HLS/Vivado_HLS/common/technology/xilinx/interface/axi4.lib "
@I [HLS-100] Command 'ap_source' returned 0; elapsed 0Total elapsed time: 0.877 sec.
@I [HLS-100] Command "source /project/linuxlab/xilinx/xilinx/Vivado_HLS/Vivado_HLS/common/technology/xilinx/interface/maxi.lib "
@I [HLS-100] Command 'ap_source' returned 0; elapsed 0Total elapsed time: 0.879 sec.
@I [HLS-100] Command "source /project/linuxlab/xilinx/xilinx/Vivado_HLS/Vivado_HLS/common/technology/xilinx/interface/saxilite.lib "
@I [HLS-100] Command 'ap_source' returned 0; elapsed 0Total elapsed time: 0.881 sec.
@I [HLS-100] Command 'ap_source' returned 0; elapsed 0.01Total elapsed time: 0.881 sec.
@I [HLS-100] Command "source /project/linuxlab/xilinx/xilinx/Vivado_HLS/Vivado_HLS/common/technology/xilinx/common/dsp48.lib "
@I [HLS-100] Command 'ap_source' returned 0; elapsed 0Total elapsed time: 0.883 sec.
@I [HLS-100] Command "source /project/linuxlab/xilinx/xilinx/Vivado_HLS/Vivado_HLS/common/technology/xilinx/ip/xfft.lib "
@I [HLS-100] Command 'ap_source' returned 0; elapsed 0.01Total elapsed time: 0.887 sec.
@I [HLS-100] Command "source /project/linuxlab/xilinx/xilinx/Vivado_HLS/Vivado_HLS/common/technology/xilinx/ip/xfir.lib "
@I [HLS-100] Command 'ap_source' returned 0; elapsed 0Total elapsed time: 0.889 sec.
@I [HLS-100] Command 'ap_source' returned 0; elapsed 0.02Total elapsed time: 0.893 sec.
@I [HLS-100] Command "source /project/linuxlab/xilinx/xilinx/Vivado_HLS/Vivado_HLS/common/technology/xilinx/common/xilinx_old.lib "
@I [HLS-100] Command 'ap_source' returned 0; elapsed 0Total elapsed time: 0.898 sec.
@I [HLS-100] Command "source /project/linuxlab/xilinx/xilinx/Vivado_HLS/Vivado_HLS/common/technology/xilinx/common/xilinx_vivado.lib "
@I [HLS-100] Command 'ap_source' returned 0; elapsed 0Total elapsed time: 0.901 sec.
@I [HLS-100] Command "source /project/linuxlab/xilinx/xilinx/Vivado_HLS/Vivado_HLS/common/technology/xilinx/common/xilinx.hlp "
@I [HLS-100] Command "source /project/linuxlab/xilinx/xilinx/Vivado_HLS/Vivado_HLS/common/technology/xilinx/common/target_info.tcl "
@I [HLS-100] Command 'ap_source' returned 0; elapsed 0Total elapsed time: 0.910 sec.
@I [HLS-100] Command "source /project/linuxlab/xilinx/xilinx/Vivado_HLS/Vivado_HLS/common/technology/xilinx/interface/xilinx_interface.hlp "
@I [HLS-100] Command "source /project/linuxlab/xilinx/xilinx/Vivado_HLS/Vivado_HLS/common/technology/xilinx/interface/maxi.hlp "
@I [HLS-100] Command 'ap_source' returned 0; elapsed 0Total elapsed time: 0.914 sec.
@I [HLS-100] Command "source /project/linuxlab/xilinx/xilinx/Vivado_HLS/Vivado_HLS/common/technology/xilinx/interface/saxilite.hlp "
@I [HLS-100] Command 'ap_source' returned 0; elapsed 0Total elapsed time: 0.916 sec.
@I [HLS-100] Command 'ap_source' returned 0; elapsed 0Total elapsed time: 0.916 sec.
@I [HLS-100] Command "source /project/linuxlab/xilinx/xilinx/Vivado_HLS/Vivado_HLS/common/technology/xilinx/common/dsp48.hlp "
@I [HLS-100] Command 'ap_source' returned 0; elapsed 0Total elapsed time: 0.919 sec.
@I [HLS-100] Command 'ap_source' returned 0; elapsed 0Total elapsed time: 0.920 sec.
@I [HLS-100] Command "source /project/linuxlab/xilinx/xilinx/Vivado_HLS/Vivado_HLS/common/technology/xilinx/zynq/dsp48e1.hlp "
@I [HLS-100] Command 'ap_source' returned 0; elapsed 0Total elapsed time: 0.922 sec.
@I [HLS-100] Command "get_default_platform "
@I [HLS-100] Command 'get_default_platform' returned 0; elapsed 0Total elapsed time: 0.922 sec.
@I [HLS-100] Command "config_chip_info -quiet -resource  {SLICE 13300}  {LUT 53200}     {FF 106400} {DSP48E 220}   {BRAM 280}  "
@I [HLS-100] Command 'config_chip_info' returned 0; elapsed 0Total elapsed time: 0.922 sec.
@I [HLS-100] Command "config_chip_info -quiet -speed medium "
@I [HLS-100] Command 'config_chip_info' returned 0; elapsed 0Total elapsed time: 0.922 sec.
@I [HLS-100] Command 'import_lib' returned 0; elapsed 0.03Total elapsed time: 0.924 sec.
@I [HLS-100] Command "source /project/linuxlab/xilinx/xilinx/Vivado_HLS/Vivado_HLS/common/technology/xilinx/zynq/zynq.gen "
@I [HLS-100] Command "source /project/linuxlab/xilinx/xilinx/Vivado_HLS/Vivado_HLS/common/technology/xilinx/common/virtex.gen "
@I [HLS-100] Command "source /project/linuxlab/xilinx/xilinx/Vivado_HLS/Vivado_HLS/common/technology/xilinx/common/xilinx.gen "
@I [HLS-100] Command "source /project/linuxlab/xilinx/xilinx/Vivado_HLS/Vivado_HLS/common/technology/xilinx/interface/plb46.gen "
@I [HLS-100] Command 'ap_source' returned 0; elapsed 0Total elapsed time: 0.934 sec.
@I [HLS-100] Command "source /project/linuxlab/xilinx/xilinx/Vivado_HLS/Vivado_HLS/common/technology/xilinx/interface/fsl.gen "
@I [HLS-100] Command 'ap_source' returned 0; elapsed 0.01Total elapsed time: 0.936 sec.
@I [HLS-100] Command "source /project/linuxlab/xilinx/xilinx/Vivado_HLS/Vivado_HLS/common/technology/xilinx/interface/axi4.gen "
@I [HLS-100] Command 'ap_source' returned 0; elapsed 0Total elapsed time: 0.941 sec.
@I [HLS-100] Command "source /project/linuxlab/xilinx/xilinx/Vivado_HLS/Vivado_HLS/common/technology/xilinx/interface/nativeAXI4.gen "
@I [HLS-100] Command "source /project/linuxlab/xilinx/xilinx/Vivado_HLS/Vivado_HLS/common/technology/xilinx/interface/saxilite.gen "
@I [HLS-100] Command 'ap_source' returned 0; elapsed 0Total elapsed time: 0.949 sec.
@I [HLS-100] Command "source /project/linuxlab/xilinx/xilinx/Vivado_HLS/Vivado_HLS/common/technology/xilinx/interface/maxi.gen "
@I [HLS-100] Command 'ap_source' returned 0; elapsed 0.01Total elapsed time: 0.959 sec.
@I [HLS-100] Command 'ap_source' returned 0; elapsed 0.01Total elapsed time: 0.959 sec.
@I [HLS-100] Command "source /project/linuxlab/xilinx/xilinx/Vivado_HLS/Vivado_HLS/common/technology/xilinx/scripts/xilinxcoregen.gen "
@I [HLS-100] Command 'ap_source' returned 0; elapsed 0.01Total elapsed time: 0.971 sec.
@I [HLS-100] Command "source /project/linuxlab/xilinx/xilinx/Vivado_HLS/Vivado_HLS/common/technology/xilinx/interface/XilEDKCoreGen.gen "
@I [HLS-100] Command 'ap_source' returned 0; elapsed 0.01Total elapsed time: 0.981 sec.
@I [HLS-100] Command "source /project/linuxlab/xilinx/xilinx/Vivado_HLS/Vivado_HLS/common/technology/xilinx/ip/util.gen "
@I [HLS-100] Command 'ap_source' returned 0; elapsed 0Total elapsed time: 0.984 sec.
@I [HLS-100] Command "source /project/linuxlab/xilinx/xilinx/Vivado_HLS/Vivado_HLS/common/technology/xilinx/ip/xfft.gen "
@I [HLS-100] Command 'ap_source' returned 0; elapsed 0.1Total elapsed time: 1.84 sec.
@I [HLS-100] Command "source /project/linuxlab/xilinx/xilinx/Vivado_HLS/Vivado_HLS/common/technology/xilinx/ip/xfir.gen "
@I [HLS-100] Command "source /project/linuxlab/xilinx/xilinx/Vivado_HLS/Vivado_HLS/tps/tcl/tcllib1.11.1/struct/list.tcl "
@I [HLS-100] Command "source /project/linuxlab/xilinx/xilinx/Vivado_HLS/Vivado_HLS/tps/tcl/tcllib1.11.1/cmdline/cmdline.tcl "
@I [HLS-100] Command 'ap_source' returned 0; elapsed 0Total elapsed time: 1.107 sec.
@I [HLS-100] Command 'ap_source' returned 0; elapsed 0Total elapsed time: 1.107 sec.
@I [HLS-100] Command "source /project/linuxlab/xilinx/xilinx/Vivado_HLS/Vivado_HLS/tps/tcl/tcllib1.11.1/math/bignum.tcl "
@I [HLS-100] Command 'ap_source' returned 0; elapsed 0Total elapsed time: 1.114 sec.
@I [HLS-100] Command 'ap_source' returned 0; elapsed 0.03Total elapsed time: 1.120 sec.
@I [HLS-100] Command 'ap_source' returned 0; elapsed 0.17Total elapsed time: 1.120 sec.
@I [HLS-100] Command "source /project/linuxlab/xilinx/xilinx/Vivado_HLS/Vivado_HLS/common/technology/xilinx/common/dsp48.gen "
@I [HLS-100] Command 'ap_source' returned 0; elapsed 0Total elapsed time: 1.123 sec.
@I [HLS-100] Command 'ap_source' returned 0; elapsed 0.17Total elapsed time: 1.123 sec.
@I [HLS-100] Command 'ap_source' returned 0; elapsed 0.17Total elapsed time: 1.123 sec.
@I [HLS-100] Command "get_default_platform "
@I [HLS-100] Command 'get_default_platform' returned 0; elapsed 0Total elapsed time: 1.127 sec.
@I [HLS-100] Command "config_chip_info -quiet -resource  {SLICE 4400}   {LUT 17600}     {FF 35200}  {DSP48E 80}    {BRAM 120}  "
@I [HLS-100] Command 'config_chip_info' returned 0; elapsed 0Total elapsed time: 1.127 sec.
@I [HLS-100] Command "config_chip_info -quiet -speed slow "
@I [HLS-100] Command 'config_chip_info' returned 0; elapsed 0Total elapsed time: 1.127 sec.
@I [HLS-100] Command 'add_library' returned 0; elapsed 0.21Total elapsed time: 1.131 sec.
@I [HLS-100] Command "add_library xilinx/zynq/zynq_fpv6 "
@I [HLS-100] Command "get_default_platform "
@I [HLS-100] Command 'get_default_platform' returned 0; elapsed 0Total elapsed time: 1.132 sec.
@I [HLS-100] Command "license_exists VIVADO_HLS "
@I [HLS-100] Command 'license_exists' returned 1; elapsed 0Total elapsed time: 1.152 sec.
@I [HLS-100] Command "license_exists ap_opencl "
@I [HLS-100] Command 'license_exists' returned 1; elapsed 0.01Total elapsed time: 1.170 sec.
@I [HLS-100] Command "license_exists AUTOESL_NI "
@I [HLS-100] Command 'license_exists' returned 1; elapsed 0Total elapsed time: 1.189 sec.
@I [HLS-100] Command "license_exists HLS "
@I [HLS-100] Command 'license_exists' returned 0; elapsed 0Total elapsed time: 1.189 sec.
@I [HLS-100] Command "open_platform DefaultPlatform "
@I [HLS-100] Command 'open_platform' returned 0; elapsed 0Total elapsed time: 1.189 sec.
@I [HLS-100] Command "import_lib /project/linuxlab/xilinx/xilinx/Vivado_HLS/Vivado_HLS/common/technology/xilinx/zynq/zynq_fpv6 "
@I [HLS-100] Command "source /project/linuxlab/xilinx/xilinx/Vivado_HLS/Vivado_HLS/common/technology/xilinx/common/xilinx_fpv7.lib "
@I [HLS-100] Command 'ap_source' returned 0; elapsed 0Total elapsed time: 1.196 sec.
@I [HLS-100] Command "source /project/linuxlab/xilinx/xilinx/Vivado_HLS/Vivado_HLS/common/technology/xilinx/common/xilinx_fpv.hlp "
@I [HLS-100] Command "source /project/linuxlab/xilinx/xilinx/Vivado_HLS/Vivado_HLS/common/technology/xilinx/common/xilinx.hlp "
@I [HLS-100] Command "source /project/linuxlab/xilinx/xilinx/Vivado_HLS/Vivado_HLS/common/technology/xilinx/common/target_info.tcl "
@I [HLS-100] Command 'ap_source' returned 0; elapsed 0Total elapsed time: 1.207 sec.
@I [HLS-100] Command "source /project/linuxlab/xilinx/xilinx/Vivado_HLS/Vivado_HLS/common/technology/xilinx/interface/xilinx_interface.hlp "
@I [HLS-100] Command "source /project/linuxlab/xilinx/xilinx/Vivado_HLS/Vivado_HLS/common/technology/xilinx/interface/maxi.hlp "
@I [HLS-100] Command 'ap_source' returned 0; elapsed 0Total elapsed time: 1.210 sec.
@I [HLS-100] Command "source /project/linuxlab/xilinx/xilinx/Vivado_HLS/Vivado_HLS/common/technology/xilinx/interface/saxilite.hlp "
@I [HLS-100] Command 'ap_source' returned 0; elapsed 0Total elapsed time: 1.211 sec.
@I [HLS-100] Command 'ap_source' returned 0; elapsed 0Total elapsed time: 1.211 sec.
@I [HLS-100] Command "source /project/linuxlab/xilinx/xilinx/Vivado_HLS/Vivado_HLS/common/technology/xilinx/common/dsp48.hlp "
@I [HLS-100] Command 'ap_source' returned 0; elapsed 0Total elapsed time: 1.213 sec.
@I [HLS-100] Command 'ap_source' returned 0; elapsed 0.01Total elapsed time: 1.213 sec.
@I [HLS-100] Command 'ap_source' returned 0; elapsed 0.01Total elapsed time: 1.214 sec.
@I [HLS-100] Command 'import_lib' returned 0; elapsed 0.02Total elapsed time: 1.222 sec.
@I [HLS-100] Command "source /project/linuxlab/xilinx/xilinx/Vivado_HLS/Vivado_HLS/common/technology/xilinx/zynq/zynq_fpv6.gen "
@I [HLS-100] Command "source /project/linuxlab/xilinx/xilinx/Vivado_HLS/Vivado_HLS/common/technology/xilinx/common/xilinx_fpv6.gen "
@I [HLS-100] Command 'ap_source' returned 0; elapsed 0Total elapsed time: 1.227 sec.
@I [HLS-100] Command 'ap_source' returned 0; elapsed 0Total elapsed time: 1.227 sec.
@I [HLS-100] Command 'add_library' returned 0; elapsed 0.04Total elapsed time: 1.243 sec.
@I [HLS-10] Setting target device to 'xc7z010clg400-1'
@I [HLS-100] Command 'set_part' returned 0; elapsed 0.26Total elapsed time: 1.243 sec.
@I [HLS-100] Command "create_clock -period 10 "
@I [HLS-100] Command "config_clock -quiet -name default -period 10 -default=false "
@I [SYN-201] Setting up clock 'default' with a period of 10ns.
@I [HLS-100] Command 'config_clock' returned 0; elapsed 0Total elapsed time: 1.252 sec.
@I [HLS-100] Command 'create_clock' returned 0; elapsed 0Total elapsed time: 1.252 sec.
@I [HLS-100] Command "config_interface -clock_enable "
@I [HLS-100] Command 'config_interface' returned 0; elapsed 0Total elapsed time: 1.256 sec.
@I [HLS-100] Command "source ./directives2_pwd.tcl "
@I [HLS-100] Command 'ap_source' returned 1; elapsed 0Total elapsed time: 1.256 sec.
@I [HLS-100] Command 'ap_source' returned 1; elapsed 0.28Total elapsed time: 1.256 sec.
couldn't read file "./directives2_pwd.tcl": no such file or directory
    while executing
"source "./directives2_pwd.tcl""
    (file "run_pwm.tcl" line 15)
    invoked from within
"source [lindex $::argv 1] "
    ("uplevel" body line 1)
    invoked from within
"uplevel \#0 { source [lindex $::argv 1] } "

@I [HLS-100] Command "cleanup_all "
@I [HLS-100] Command 'cleanup_all' returned 0; elapsed 0Total elapsed time: 1.257 sec.
