@I [HLS-0] Workspace /home/warehouse/lbremer/ese566/workload_PWM/hls_pwm/solution_pwd opened at Tue Oct 13 08:21:25 CDT 2015
@I [HLS-100] Command 'open_solution' returned 0; elapsed 0.01Total elapsed time: 0.973 sec.
@I [HLS-100] Command "set_part xc7z010clg400-1 "
@I [HLS-100] Command "add_library xilinx/zynq/zynq:xc7z010:clg400:-1 "
@I [HLS-100] Command "get_default_platform "
@I [HLS-100] Command 'get_default_platform' returned 0; elapsed 0Total elapsed time: 0.978 sec.
@I [HLS-100] Command "license_exists VIVADO_HLS "
@I [HLS-100] Command 'license_exists' returned 1; elapsed 0Total elapsed time: 1.0 sec.
@I [HLS-100] Command "license_exists ap_opencl "
@I [HLS-100] Command 'license_exists' returned 1; elapsed 0.01Total elapsed time: 1.21 sec.
@I [HLS-100] Command "license_exists AUTOESL_NI "
@I [HLS-100] Command 'license_exists' returned 1; elapsed 0Total elapsed time: 1.41 sec.
@I [HLS-100] Command "license_exists HLS "
@I [HLS-100] Command 'license_exists' returned 0; elapsed 0Total elapsed time: 1.41 sec.
@I [HLS-100] Command "open_platform DefaultPlatform "
@I [HLS-100] Command 'open_platform' returned 0; elapsed 0Total elapsed time: 1.44 sec.
@I [HLS-100] Command "import_lib /project/linuxlab/xilinx/xilinx/Vivado_HLS/Vivado_HLS/common/technology/xilinx/zynq/zynq "
@I [HLS-100] Command "source /project/linuxlab/xilinx/xilinx/Vivado_HLS/Vivado_HLS/common/technology/xilinx/common/xilinx.lib "
@I [HLS-100] Command "source /project/linuxlab/xilinx/xilinx/Vivado_HLS/Vivado_HLS/common/technology/xilinx/interface/xilinx_interface.lib "
@I [HLS-100] Command "source /project/linuxlab/xilinx/xilinx/Vivado_HLS/Vivado_HLS/common/technology/xilinx/interface/plb46.lib "
@I [HLS-100] Command 'ap_source' returned 0; elapsed 0Total elapsed time: 1.55 sec.
@I [HLS-100] Command "source /project/linuxlab/xilinx/xilinx/Vivado_HLS/Vivado_HLS/common/technology/xilinx/interface/fsl.lib "
@I [HLS-100] Command 'ap_source' returned 0; elapsed 0Total elapsed time: 1.57 sec.
@I [HLS-100] Command "source /project/linuxlab/xilinx/xilinx/Vivado_HLS/Vivado_HLS/common/technology/xilinx/interface/axi4.lib "
@I [HLS-100] Command 'ap_source' returned 0; elapsed 0Total elapsed time: 1.59 sec.
@I [HLS-100] Command "source /project/linuxlab/xilinx/xilinx/Vivado_HLS/Vivado_HLS/common/technology/xilinx/interface/maxi.lib "
@I [HLS-100] Command 'ap_source' returned 0; elapsed 0.01Total elapsed time: 1.61 sec.
@I [HLS-100] Command "source /project/linuxlab/xilinx/xilinx/Vivado_HLS/Vivado_HLS/common/technology/xilinx/interface/saxilite.lib "
@I [HLS-100] Command 'ap_source' returned 0; elapsed 0.01Total elapsed time: 1.63 sec.
@I [HLS-100] Command 'ap_source' returned 0; elapsed 0.02Total elapsed time: 1.63 sec.
@I [HLS-100] Command "source /project/linuxlab/xilinx/xilinx/Vivado_HLS/Vivado_HLS/common/technology/xilinx/common/dsp48.lib "
@I [HLS-100] Command 'ap_source' returned 0; elapsed 0Total elapsed time: 1.65 sec.
@I [HLS-100] Command "source /project/linuxlab/xilinx/xilinx/Vivado_HLS/Vivado_HLS/common/technology/xilinx/ip/xfft.lib "
@I [HLS-100] Command 'ap_source' returned 0; elapsed 0Total elapsed time: 1.68 sec.
@I [HLS-100] Command "source /project/linuxlab/xilinx/xilinx/Vivado_HLS/Vivado_HLS/common/technology/xilinx/ip/xfir.lib "
@I [HLS-100] Command 'ap_source' returned 0; elapsed 0Total elapsed time: 1.70 sec.
@I [HLS-100] Command 'ap_source' returned 0; elapsed 0.02Total elapsed time: 1.73 sec.
@I [HLS-100] Command "source /project/linuxlab/xilinx/xilinx/Vivado_HLS/Vivado_HLS/common/technology/xilinx/common/xilinx_old.lib "
@I [HLS-100] Command 'ap_source' returned 0; elapsed 0Total elapsed time: 1.79 sec.
@I [HLS-100] Command "source /project/linuxlab/xilinx/xilinx/Vivado_HLS/Vivado_HLS/common/technology/xilinx/common/xilinx_vivado.lib "
@I [HLS-100] Command 'ap_source' returned 0; elapsed 0Total elapsed time: 1.81 sec.
@I [HLS-100] Command "source /project/linuxlab/xilinx/xilinx/Vivado_HLS/Vivado_HLS/common/technology/xilinx/common/xilinx.hlp "
@I [HLS-100] Command "source /project/linuxlab/xilinx/xilinx/Vivado_HLS/Vivado_HLS/common/technology/xilinx/common/target_info.tcl "
@I [HLS-100] Command 'ap_source' returned 0; elapsed 0Total elapsed time: 1.90 sec.
@I [HLS-100] Command "source /project/linuxlab/xilinx/xilinx/Vivado_HLS/Vivado_HLS/common/technology/xilinx/interface/xilinx_interface.hlp "
@I [HLS-100] Command "source /project/linuxlab/xilinx/xilinx/Vivado_HLS/Vivado_HLS/common/technology/xilinx/interface/maxi.hlp "
@I [HLS-100] Command 'ap_source' returned 0; elapsed 0Total elapsed time: 1.94 sec.
@I [HLS-100] Command "source /project/linuxlab/xilinx/xilinx/Vivado_HLS/Vivado_HLS/common/technology/xilinx/interface/saxilite.hlp "
@I [HLS-100] Command 'ap_source' returned 0; elapsed 0Total elapsed time: 1.96 sec.
@I [HLS-100] Command 'ap_source' returned 0; elapsed 0Total elapsed time: 1.96 sec.
@I [HLS-100] Command "source /project/linuxlab/xilinx/xilinx/Vivado_HLS/Vivado_HLS/common/technology/xilinx/common/dsp48.hlp "
@I [HLS-100] Command 'ap_source' returned 0; elapsed 0Total elapsed time: 1.98 sec.
@I [HLS-100] Command 'ap_source' returned 0; elapsed 0Total elapsed time: 1.99 sec.
@I [HLS-100] Command "source /project/linuxlab/xilinx/xilinx/Vivado_HLS/Vivado_HLS/common/technology/xilinx/zynq/dsp48e1.hlp "
@I [HLS-100] Command 'ap_source' returned 0; elapsed 0Total elapsed time: 1.101 sec.
@I [HLS-100] Command "get_default_platform "
@I [HLS-100] Command 'get_default_platform' returned 0; elapsed 0Total elapsed time: 1.101 sec.
@I [HLS-100] Command "config_chip_info -quiet -resource  {SLICE 13300}  {LUT 53200}     {FF 106400} {DSP48E 220}   {BRAM 280}  "
@I [HLS-100] Command 'config_chip_info' returned 0; elapsed 0Total elapsed time: 1.101 sec.
@I [HLS-100] Command "config_chip_info -quiet -speed medium "
@I [HLS-100] Command 'config_chip_info' returned 0; elapsed 0Total elapsed time: 1.101 sec.
@I [HLS-100] Command 'import_lib' returned 0; elapsed 0.03Total elapsed time: 1.103 sec.
@I [HLS-100] Command "source /project/linuxlab/xilinx/xilinx/Vivado_HLS/Vivado_HLS/common/technology/xilinx/zynq/zynq.gen "
@I [HLS-100] Command "source /project/linuxlab/xilinx/xilinx/Vivado_HLS/Vivado_HLS/common/technology/xilinx/common/virtex.gen "
@I [HLS-100] Command "source /project/linuxlab/xilinx/xilinx/Vivado_HLS/Vivado_HLS/common/technology/xilinx/common/xilinx.gen "
@I [HLS-100] Command "source /project/linuxlab/xilinx/xilinx/Vivado_HLS/Vivado_HLS/common/technology/xilinx/interface/plb46.gen "
@I [HLS-100] Command 'ap_source' returned 0; elapsed 0Total elapsed time: 1.112 sec.
@I [HLS-100] Command "source /project/linuxlab/xilinx/xilinx/Vivado_HLS/Vivado_HLS/common/technology/xilinx/interface/fsl.gen "
@I [HLS-100] Command 'ap_source' returned 0; elapsed 0.01Total elapsed time: 1.115 sec.
@I [HLS-100] Command "source /project/linuxlab/xilinx/xilinx/Vivado_HLS/Vivado_HLS/common/technology/xilinx/interface/axi4.gen "
@I [HLS-100] Command 'ap_source' returned 0; elapsed 0Total elapsed time: 1.120 sec.
@I [HLS-100] Command "source /project/linuxlab/xilinx/xilinx/Vivado_HLS/Vivado_HLS/common/technology/xilinx/interface/nativeAXI4.gen "
@I [HLS-100] Command "source /project/linuxlab/xilinx/xilinx/Vivado_HLS/Vivado_HLS/common/technology/xilinx/interface/saxilite.gen "
@I [HLS-100] Command 'ap_source' returned 0; elapsed 0Total elapsed time: 1.127 sec.
@I [HLS-100] Command "source /project/linuxlab/xilinx/xilinx/Vivado_HLS/Vivado_HLS/common/technology/xilinx/interface/maxi.gen "
@I [HLS-100] Command 'ap_source' returned 0; elapsed 0.01Total elapsed time: 1.137 sec.
@I [HLS-100] Command 'ap_source' returned 0; elapsed 0.01Total elapsed time: 1.137 sec.
@I [HLS-100] Command "source /project/linuxlab/xilinx/xilinx/Vivado_HLS/Vivado_HLS/common/technology/xilinx/scripts/xilinxcoregen.gen "
@I [HLS-100] Command 'ap_source' returned 0; elapsed 0.01Total elapsed time: 1.150 sec.
@I [HLS-100] Command "source /project/linuxlab/xilinx/xilinx/Vivado_HLS/Vivado_HLS/common/technology/xilinx/interface/XilEDKCoreGen.gen "
@I [HLS-100] Command 'ap_source' returned 0; elapsed 0.01Total elapsed time: 1.160 sec.
@I [HLS-100] Command "source /project/linuxlab/xilinx/xilinx/Vivado_HLS/Vivado_HLS/common/technology/xilinx/ip/util.gen "
@I [HLS-100] Command 'ap_source' returned 0; elapsed 0Total elapsed time: 1.163 sec.
@I [HLS-100] Command "source /project/linuxlab/xilinx/xilinx/Vivado_HLS/Vivado_HLS/common/technology/xilinx/ip/xfft.gen "
@I [HLS-100] Command 'ap_source' returned 0; elapsed 0.11Total elapsed time: 1.266 sec.
@I [HLS-100] Command "source /project/linuxlab/xilinx/xilinx/Vivado_HLS/Vivado_HLS/common/technology/xilinx/ip/xfir.gen "
@I [HLS-100] Command "source /project/linuxlab/xilinx/xilinx/Vivado_HLS/Vivado_HLS/tps/tcl/tcllib1.11.1/struct/list.tcl "
@I [HLS-100] Command "source /project/linuxlab/xilinx/xilinx/Vivado_HLS/Vivado_HLS/tps/tcl/tcllib1.11.1/cmdline/cmdline.tcl "
@I [HLS-100] Command 'ap_source' returned 0; elapsed 0Total elapsed time: 1.285 sec.
@I [HLS-100] Command 'ap_source' returned 0; elapsed 0Total elapsed time: 1.286 sec.
@I [HLS-100] Command "source /project/linuxlab/xilinx/xilinx/Vivado_HLS/Vivado_HLS/tps/tcl/tcllib1.11.1/math/bignum.tcl "
@I [HLS-100] Command 'ap_source' returned 0; elapsed 0Total elapsed time: 1.292 sec.
@I [HLS-100] Command 'ap_source' returned 0; elapsed 0.02Total elapsed time: 1.298 sec.
@I [HLS-100] Command 'ap_source' returned 0; elapsed 0.17Total elapsed time: 1.298 sec.
@I [HLS-100] Command "source /project/linuxlab/xilinx/xilinx/Vivado_HLS/Vivado_HLS/common/technology/xilinx/common/dsp48.gen "
@I [HLS-100] Command 'ap_source' returned 0; elapsed 0Total elapsed time: 1.301 sec.
@I [HLS-100] Command 'ap_source' returned 0; elapsed 0.17Total elapsed time: 1.301 sec.
@I [HLS-100] Command 'ap_source' returned 0; elapsed 0.17Total elapsed time: 1.301 sec.
@I [HLS-100] Command "get_default_platform "
@I [HLS-100] Command 'get_default_platform' returned 0; elapsed 0Total elapsed time: 1.304 sec.
@I [HLS-100] Command "config_chip_info -quiet -resource  {SLICE 4400}   {LUT 17600}     {FF 35200}  {DSP48E 80}    {BRAM 120}  "
@I [HLS-100] Command 'config_chip_info' returned 0; elapsed 0Total elapsed time: 1.304 sec.
@I [HLS-100] Command "config_chip_info -quiet -speed slow "
@I [HLS-100] Command 'config_chip_info' returned 0; elapsed 0Total elapsed time: 1.304 sec.
@I [HLS-100] Command 'add_library' returned 0; elapsed 0.21Total elapsed time: 1.307 sec.
@I [HLS-100] Command "add_library xilinx/zynq/zynq_fpv6 "
@I [HLS-100] Command "get_default_platform "
@I [HLS-100] Command 'get_default_platform' returned 0; elapsed 0Total elapsed time: 1.308 sec.
@I [HLS-100] Command "license_exists VIVADO_HLS "
@I [HLS-100] Command 'license_exists' returned 1; elapsed 0Total elapsed time: 1.328 sec.
@I [HLS-100] Command "license_exists ap_opencl "
@I [HLS-100] Command 'license_exists' returned 1; elapsed 0.01Total elapsed time: 1.348 sec.
@I [HLS-100] Command "license_exists AUTOESL_NI "
@I [HLS-100] Command 'license_exists' returned 1; elapsed 0.01Total elapsed time: 1.367 sec.
@I [HLS-100] Command "license_exists HLS "
@I [HLS-100] Command 'license_exists' returned 0; elapsed 0Total elapsed time: 1.367 sec.
@I [HLS-100] Command "open_platform DefaultPlatform "
@I [HLS-100] Command 'open_platform' returned 0; elapsed 0Total elapsed time: 1.367 sec.
@I [HLS-100] Command "import_lib /project/linuxlab/xilinx/xilinx/Vivado_HLS/Vivado_HLS/common/technology/xilinx/zynq/zynq_fpv6 "
@I [HLS-100] Command "source /project/linuxlab/xilinx/xilinx/Vivado_HLS/Vivado_HLS/common/technology/xilinx/common/xilinx_fpv7.lib "
@I [HLS-100] Command 'ap_source' returned 0; elapsed 0Total elapsed time: 1.375 sec.
@I [HLS-100] Command "source /project/linuxlab/xilinx/xilinx/Vivado_HLS/Vivado_HLS/common/technology/xilinx/common/xilinx_fpv.hlp "
@I [HLS-100] Command "source /project/linuxlab/xilinx/xilinx/Vivado_HLS/Vivado_HLS/common/technology/xilinx/common/xilinx.hlp "
@I [HLS-100] Command "source /project/linuxlab/xilinx/xilinx/Vivado_HLS/Vivado_HLS/common/technology/xilinx/common/target_info.tcl "
@I [HLS-100] Command 'ap_source' returned 0; elapsed 0Total elapsed time: 1.388 sec.
@I [HLS-100] Command "source /project/linuxlab/xilinx/xilinx/Vivado_HLS/Vivado_HLS/common/technology/xilinx/interface/xilinx_interface.hlp "
@I [HLS-100] Command "source /project/linuxlab/xilinx/xilinx/Vivado_HLS/Vivado_HLS/common/technology/xilinx/interface/maxi.hlp "
@I [HLS-100] Command 'ap_source' returned 0; elapsed 0Total elapsed time: 1.391 sec.
@I [HLS-100] Command "source /project/linuxlab/xilinx/xilinx/Vivado_HLS/Vivado_HLS/common/technology/xilinx/interface/saxilite.hlp "
@I [HLS-100] Command 'ap_source' returned 0; elapsed 0Total elapsed time: 1.393 sec.
@I [HLS-100] Command 'ap_source' returned 0; elapsed 0Total elapsed time: 1.393 sec.
@I [HLS-100] Command "source /project/linuxlab/xilinx/xilinx/Vivado_HLS/Vivado_HLS/common/technology/xilinx/common/dsp48.hlp "
@I [HLS-100] Command 'ap_source' returned 0; elapsed 0Total elapsed time: 1.395 sec.
@I [HLS-100] Command 'ap_source' returned 0; elapsed 0Total elapsed time: 1.395 sec.
@I [HLS-100] Command 'ap_source' returned 0; elapsed 0Total elapsed time: 1.396 sec.
@I [HLS-100] Command 'import_lib' returned 0; elapsed 0.01Total elapsed time: 1.401 sec.
@I [HLS-100] Command "source /project/linuxlab/xilinx/xilinx/Vivado_HLS/Vivado_HLS/common/technology/xilinx/zynq/zynq_fpv6.gen "
@I [HLS-100] Command "source /project/linuxlab/xilinx/xilinx/Vivado_HLS/Vivado_HLS/common/technology/xilinx/common/xilinx_fpv6.gen "
@I [HLS-100] Command 'ap_source' returned 0; elapsed 0Total elapsed time: 1.407 sec.
@I [HLS-100] Command 'ap_source' returned 0; elapsed 0Total elapsed time: 1.407 sec.
@I [HLS-100] Command 'add_library' returned 0; elapsed 0.04Total elapsed time: 1.410 sec.
@I [HLS-10] Setting target device to 'xc7z010clg400-1'
@I [HLS-100] Command 'set_part' returned 0; elapsed 0.25Total elapsed time: 1.410 sec.
@I [HLS-100] Command "create_clock -period 10 "
@I [HLS-100] Command "config_clock -quiet -name default -period 10 -default=false "
@I [SYN-201] Setting up clock 'default' with a period of 10ns.
@I [HLS-100] Command 'config_clock' returned 0; elapsed 0Total elapsed time: 1.415 sec.
@I [HLS-100] Command 'create_clock' returned 0; elapsed 0Total elapsed time: 1.415 sec.
@I [HLS-100] Command "config_interface -clock_enable "
@I [HLS-100] Command 'config_interface' returned 0; elapsed 0Total elapsed time: 1.419 sec.
@I [HLS-100] Command "source ./directives2_pwm.tcl "
@I [HLS-100] Command "set_directive_allocation -limit 1 -type operation gen_pwm mul "
@I [HLS-100] Command 'set_directive_allocation' returned 0; elapsed 0Total elapsed time: 1.421 sec.
@I [HLS-100] Command "set_directive_array_partition -type complete -dim 1 gen_pwm coeff "
@I [HLS-100] Command 'set_directive_array_partition' returned 0; elapsed 0Total elapsed time: 1.421 sec.
@I [HLS-100] Command "set_directive_array_partition -type complete -dim 1 gen_pwm din "
@I [HLS-100] Command 'set_directive_array_partition' returned 0; elapsed 0Total elapsed time: 1.421 sec.
@I [HLS-100] Command "set_directive_array_partition -type complete -dim 1 gen_pwm dout "
@I [HLS-100] Command 'set_directive_array_partition' returned 0; elapsed 0Total elapsed time: 1.422 sec.
@I [HLS-100] Command "set_directive_interface -mode ap_ctrl_hs gen_pwm "
@I [HLS-100] Command 'set_directive_interface' returned 0; elapsed 0Total elapsed time: 1.422 sec.
@I [HLS-100] Command "set_directive_interface -mode ap_none gen_pwm dout "
@I [HLS-100] Command 'set_directive_interface' returned 0; elapsed 0Total elapsed time: 1.422 sec.
@I [HLS-100] Command 'ap_source' returned 0; elapsed 0Total elapsed time: 1.422 sec.
@I [HLS-100] Command "csynth_design "
@I [HLS-100] Command "elaborate -effort=medium -skip_syncheck=0 -lm=0 -skip_cdt=0 -skip_transform=0 -ng=0 -g=0 -opt_fp=0 "
@I [HLS-10] Analyzing design file './gen_pwm.cpp' ... 
@0 [HLS-0] Analyzing design file './gen_pwm.cpp' ... 
@I [HLS-0] Compiling one TU...
@I [HLS-0] 
Checking before pre-process: exec clang -fno-limit-debug-info -gcc-toolchain "/project/linuxlab/xilinx/xilinx/Vivado_HLS/Vivado_HLS/lnx64/tools/gcc" -hls    -D "__asm__(...)=" -fno-math-errno -c -emit-llvm -O0  -mllvm -disable-llvm-optzns -fno-threadsafe-statics  -fno-use-cxa-atexit  -fno-threadsafe-statics -fno-use-cxa-atexit   -I "/project/linuxlab/xilinx/xilinx/Vivado_HLS/Vivado_HLS/lnx64/tools/systemc/include" -I "/project/linuxlab/xilinx/xilinx/Vivado_HLS/Vivado_HLS/include" -I "/project/linuxlab/xilinx/xilinx/Vivado_HLS/Vivado_HLS/include/ap_sysc" -fexceptions "./gen_pwm.cpp"  -o "/home/warehouse/lbremer/ese566/workload_PWM/hls_pwm/solution_pwd/.autopilot/db/gen_pwm.pp.00.o"

@I [HLS-0] Syntax Checker time: 0 seconds per iteration
@I [HLS-0] 
Source preprocessing: exec clang -fno-limit-debug-info -gcc-toolchain "/project/linuxlab/xilinx/xilinx/Vivado_HLS/Vivado_HLS/lnx64/tools/gcc" -hls -fno-exceptions  -D__llvm__  -CC -E "./gen_pwm.cpp"     -D "__asm__(...)=" -fno-math-errno -c -emit-llvm -O0  -mllvm -disable-llvm-optzns -fno-threadsafe-statics  -fno-use-cxa-atexit  -fno-threadsafe-statics -fno-use-cxa-atexit -DAESL_SYN -D__SYNTHESIS__ -D__HLS_SYN__ -I "/project/linuxlab/xilinx/xilinx/Vivado_HLS/Vivado_HLS/common/technology/autopilot" -I "/project/linuxlab/xilinx/xilinx/Vivado_HLS/Vivado_HLS/common/technology/autopilot/ap_sysc" -include etc/autopilot_ssdm_op.h -D "__asm__(...)="  -o "/home/warehouse/lbremer/ese566/workload_PWM/hls_pwm/solution_pwd/.autopilot/db/gen_pwm.pp.0.cpp"

@I [HLS-0] GCC PP time: 0 seconds per iteration
@I [HLS-0] Setting directive 'ALLOCATION' instances=positionBooleanTextRequiredmul limit=1 operation=positionBoolean0type 
@I [HLS-0] Setting directive 'ARRAY_PARTITION' partition=positionBooleanCmd variable=positionBooleanTextRequiredcoeff complete=positionBoolean0type dim=1 
@I [HLS-0] Setting directive 'ARRAY_PARTITION' partition=positionBooleanCmd variable=positionBooleanTextRequireddin complete=positionBoolean0type dim=1 
@I [HLS-0] Setting directive 'ARRAY_PARTITION' partition=positionBooleanCmd variable=positionBooleanTextRequireddout complete=positionBoolean0type dim=1 
@I [HLS-0] Setting directive 'INTERFACE' ap_ctrl_hs=positionBoolean0mode port=positionBooleanTextRequiredreturn 
@I [HLS-0] Setting directive 'INTERFACE' ap_none=positionBoolean0mode port=positionBooleanTextRequireddout 
@I [HLS-100] Command "list_core -type functional_unit "
@I [HLS-100] Command 'list_core' returned 0; elapsed 0Total elapsed time: 1.646 sec.
@I [HLS-0] Marker-Pragma convertor: /home/warehouse/lbremer/ese566/workload_PWM/hls_pwm/solution_pwd/.autopilot/db/gen_pwm.pp.0.cpp /home/warehouse/lbremer/ese566/workload_PWM/hls_pwm/solution_pwd/.autopilot/db/gen_pwm.pp.0.cpp.ap-line.cpp /home/warehouse/lbremer/ese566/workload_PWM/hls_pwm/solution_pwd/.autopilot/db/gen_pwm.pp.0.cpp.ap-line.cpp.CXX 1
@I [HLS-0] 
Source processor: exec /project/linuxlab/xilinx/xilinx/Vivado_HLS/Vivado_HLS/tps/lnx64/jre/bin/java -Xmx512m -classpath   "/project/linuxlab/xilinx/xilinx/Vivado_HLS/Vivado_HLS/lib/classes/autopilot.sourceprocessor.jar:/project/linuxlab/xilinx/xilinx/Vivado_HLS/Vivado_HLS/lib/classes/org.eclipse.cdt.core_5.3.0.xilinx_patch.jar:/project/linuxlab/xilinx/xilinx/Vivado_HLS/Vivado_HLS/lib/classes/org.eclipse.core.runtime_3.7.0.v20110110.jar:/project/linuxlab/xilinx/xilinx/Vivado_HLS/Vivado_HLS/lib/classes/org.eclipse.equinox.common_3.6.0.v20110523.jar:/project/linuxlab/xilinx/xilinx/Vivado_HLS/Vivado_HLS/lib/classes/com.ibm.icu_4.4.2.v20110208.jar:/project/linuxlab/xilinx/xilinx/Vivado_HLS/Vivado_HLS/lib/classes/jargs.jar:/project/linuxlab/xilinx/xilinx/Vivado_HLS/Vivado_HLS/lnx64/tools/eclipse/plugins/org.eclipse.emf.common_2.10.0.v20140514-1158.jar:/project/linuxlab/xilinx/xilinx/Vivado_HLS/Vivado_HLS/lnx64/tools/eclipse/plugins/org.eclipse.emf.ecore_2.10.0.v20140514-1158.jar:/project/linuxlab/xilinx/xilinx/Vivado_HLS/Vivado_HLS/lnx64/tools/eclipse/plugins/org.eclipse.emf.ecore.xmi_2.10.0.v20140514-1158.jar:/project/linuxlab/xilinx/xilinx/Vivado_HLS/Vivado_HLS/lnx64/tools/eclipse/plugins/com.autoesl.autopilot.ui.directiveFileModel_1.0.0.jar:/project/linuxlab/xilinx/xilinx/Vivado_HLS/Vivado_HLS/lnx64/tools/eclipse/plugins/com.autoesl.autopilot.ui.common_1.0.0.jar"  autopilot.sourceprocessor.CParser  "/home/warehouse/lbremer/ese566/workload_PWM/hls_pwm/solution_pwd/.autopilot/db/gen_pwm.pp.0.cpp.ap-line.cpp"  -m "gen_pwd" -o "/home/warehouse/lbremer/ese566/workload_PWM/hls_pwm/solution_pwd/.autopilot/db/gen_pwm.pp.0.cpp.ap-cdt.cpp" --ad --pc --pp --directive /home/warehouse/lbremer/ese566/workload_PWM/hls_pwm/solution_pwd/solution_pwd.directive --source /home/warehouse/lbremer/ese566/workload_PWM/./gen_pwm.cpp --error /home/warehouse/lbremer/ese566/workload_PWM/hls_pwm/solution_pwd/.autopilot/db --funcunit "AddSub AddSub_DSP AddSubnS DAddSub_fulldsp DAddSub_nodsp DDiv DExp_fulldsp DExp_meddsp DExp_nodsp DLog_fulldsp DLog_meddsp DLog_nodsp DMul_fulldsp DMul_maxdsp DMul_meddsp DMul_nodsp DRSqrt DRecip DSqrt DivnS FAddSub_fulldsp FAddSub_nodsp FDiv FExp_fulldsp FExp_meddsp FExp_nodsp FLog_fulldsp FLog_meddsp FLog_nodsp FMul_fulldsp FMul_maxdsp FMul_meddsp FMul_nodsp FRSqrt_fulldsp FRSqrt_nodsp FRecip_fulldsp FRecip_nodsp FSqrt Mul Mul2S Mul3S Mul4S Mul5S Mul6S MulnS" --ve --vetcl /home/warehouse/lbremer/ese566/workload_PWM/hls_pwm/solution_pwd/.autopilot/db --lp --ca --es --gf --df --pd --p2d /home/warehouse/lbremer/ese566/workload_PWM/hls_pwm/solution_pwd/.autopilot/db --sd --scff /home/warehouse/lbremer/ese566/workload_PWM/hls_pwm/solution_pwd/.autopilot/db/.systemc_flag

@I [HLS-0] Marker-Pragma convertor: /home/warehouse/lbremer/ese566/workload_PWM/hls_pwm/solution_pwd/.autopilot/db/gen_pwm.pp.0.cpp.ap-cdt.cpp /home/warehouse/lbremer/ese566/workload_PWM/hls_pwm/solution_pwd/.autopilot/db/gen_pwm.pragma.0.cpp /home/warehouse/lbremer/ese566/workload_PWM/hls_pwm/solution_pwd/.autopilot/db/gen_pwm.pragma.0.cpp.ap-line.CXX 0
@I [HLS-100] Command "source /home/warehouse/lbremer/ese566/workload_PWM/hls_pwm/solution_pwd/.autopilot/db/pragma.status.tcl "
@I [HLS-100] Command 'ap_source' returned 0; elapsed 0Total elapsed time: 3.145 sec.
@I [HLS-0] CDT processor time: 1 seconds per iteration
@I [HLS-0] Pragma handling time: 0 seconds per iteration
@I [HLS-0] 
Source preprocessing: exec clang -fno-limit-debug-info -gcc-toolchain "/project/linuxlab/xilinx/xilinx/Vivado_HLS/Vivado_HLS/lnx64/tools/gcc" -hls -fno-exceptions  -D__llvm__  -CC -E "/home/warehouse/lbremer/ese566/workload_PWM/hls_pwm/solution_pwd/.autopilot/db/gen_pwm.pragma.1.cpp"     -D "__asm__(...)=" -fno-math-errno -c -emit-llvm -O0  -mllvm -disable-llvm-optzns -fno-threadsafe-statics  -fno-use-cxa-atexit  -fno-threadsafe-statics -fno-use-cxa-atexit -DAESL_SYN -D__SYNTHESIS__ -D__HLS_SYN__ -I "/project/linuxlab/xilinx/xilinx/Vivado_HLS/Vivado_HLS/common/technology/autopilot" -I "/project/linuxlab/xilinx/xilinx/Vivado_HLS/Vivado_HLS/common/technology/autopilot/ap_sysc" -include etc/autopilot_ssdm_op.h -D "__asm__(...)="  -o "/home/warehouse/lbremer/ese566/workload_PWM/hls_pwm/solution_pwd/.autopilot/db/gen_pwm.pragma.2.cpp"

@I [HLS-0] exec clang -fno-limit-debug-info -gcc-toolchain /project/linuxlab/xilinx/xilinx/Vivado_HLS/Vivado_HLS/lnx64/tools/gcc -hls -fno-exceptions  -D__llvm__  -w  "/home/warehouse/lbremer/ese566/workload_PWM/hls_pwm/solution_pwd/.autopilot/db/gen_pwm.pragma.2.cpp"    -D "__asm__(...)=" -fno-math-errno -c -emit-llvm -O0  -mllvm -disable-llvm-optzns -fno-threadsafe-statics  -fno-use-cxa-atexit -DAESL_SYN -D__SYNTHESIS__ -D__HLS_SYN__ -I "/project/linuxlab/xilinx/xilinx/Vivado_HLS/Vivado_HLS/common/technology/autopilot" -I "/project/linuxlab/xilinx/xilinx/Vivado_HLS/Vivado_HLS/common/technology/autopilot/ap_sysc" -include etc/autopilot_ssdm_op.h -g -o "/home/warehouse/lbremer/ese566/workload_PWM/hls_pwm/solution_pwd/.autopilot/db/gen_pwm.g.bc"
@I [HLS-100] Command "source /home/warehouse/lbremer/ese566/workload_PWM/hls_pwm/solution_pwd/.autopilot/db/ve_warning.tcl "
@I [HLS-100] Command 'ap_source' returned 0; elapsed 0Total elapsed time: 3.362 sec.
@I [HLS-10] Validating synthesis directives ...
@0 [HLS-0] Validating synthesis directives ...
@I [HLS-100] Command "source /home/warehouse/lbremer/ese566/workload_PWM/hls_pwm/solution_pwd/.autopilot/db/pragma.status.tcl "
@I [HLS-100] Command 'ap_source' returned 0; elapsed 0Total elapsed time: 3.364 sec.
@W [HLS-40] Directive 'ARRAY_PARTITION' cannot be applied: Variable 'coeff' is not declared in 'gen_pwm'.
@W [HLS-40] Directive 'ARRAY_PARTITION' cannot be applied: Variable 'din' is not declared in 'gen_pwm'.
@W [HLS-40] Directive 'ARRAY_PARTITION' cannot be applied: Variable 'dout' is not declared in 'gen_pwm'.
@W [HLS-40] Directive 'INTERFACE' cannot be applied: Variable 'dout' is not declared in 'gen_pwm'.
@I [HLS-0] Linking all ...
@I [HLS-0] exec llvm-ld  "/home/warehouse/lbremer/ese566/workload_PWM/hls_pwm/solution_pwd/.autopilot/db/gen_pwm.bc"  -disable-opt  -L/project/linuxlab/xilinx/xilinx/Vivado_HLS/Vivado_HLS/lnx64/lib -lm_basic -o "/home/warehouse/lbremer/ese566/workload_PWM/hls_pwm/solution_pwd/.autopilot/db/a.o.pre"
@I [HLS-0] Link time: 0 seconds per iteration
@I [HLS-0] Linking all ...
@I [HLS-0] exec llvm-ld  "/home/warehouse/lbremer/ese566/workload_PWM/hls_pwm/solution_pwd/.autopilot/db/gen_pwm.g.bc"  -disable-opt  -L/project/linuxlab/xilinx/xilinx/Vivado_HLS/Vivado_HLS/lnx64/lib -lm_basic -o "/home/warehouse/lbremer/ese566/workload_PWM/hls_pwm/solution_pwd/.autopilot/db/a.g.pre"
@I [HLS-0] Link time: 0 seconds per iteration
@I [HLS-100] Command "opt_and_import_c a -opt_level=2 -skip_syncheck=0 -ng=0 "
@I [HLS-100] Command "cleanup_all_models "
@I [HLS-100] Command 'cleanup_all_models' returned 0; elapsed 0Total elapsed time: 3.510 sec.
@I [HLS-10] Starting code transformations ...
@0 [HLS-0] Starting code transformations ...
@I [HLS-0] std xform: transform -hls -share-std-xform -always-inline -promote-dbg-pointer  -interface-preproc  -scalarrepl -mem2reg -keep-read-access -instcombine -dce  -promote-dbg-pointer  -bitop-raise  -indvars -loop-simplify -xunroll  -constprop -instcombine -simplifycfg -indvars  -simplifycfg -dce -globaldce  -basicaa  -simplifycfg -mem2reg -globalopt  -global-constprop -deadargelim -instcombine -simplifycfg  -prune-eh -simplifycfg  -scalarrepl -instcombine -reassociate -licm  -simplifycfg -loop-simplify -indvars -instcombine  -simplifycfg -mem2reg -loop-simplify -indvars -instcombine  -gvn -gvn -instcombine -adce  -break-crit-edges  -simplifycfg -loop-delete  -global-array-opt -dce -dse -adce  -find-syn-modules -top gen_pwd  -deadargelim  -mem2reg -instcombine -dce  -presyn-prepare -auto-rom-infer  -interface-preproc  -syn-check -check-rec-only  -find-region -simplifycfg -func-extr -function-inline  -mem2reg -instcombine -dce   -gvn -globaldce -adce -adse  -constprop -instcombine -bit-constprop  -instcombine -dce -simplifycfg -bitop-raise  -simplifycfg -dce -loop-delete -reassociate  -globalopt -global-privatize -mem2reg -dce  -global-constprop -pointer-simplify -constprop -dce  -func-inst -deadargelim  -promote-dbg-pointer  -norm-name   /home/warehouse/lbremer/ese566/workload_PWM/hls_pwm/solution_pwd/.autopilot/db/a.g.0.bc -o /home/warehouse/lbremer/ese566/workload_PWM/hls_pwm/solution_pwd/.autopilot/db/a.g.1.bc -f  -phase std-opt
@E [SYNCHK-79] Cannot find the top function 'gen_pwd' in the design. Possible causes are: (1) the top function name is misspelled; (2) the top function is nonexistent or declared as static.
@E [HLS-70] Synthesizability check failed.
@I [HLS-100] Command 'opt_and_import_c' returned 2; elapsed 0.01Total elapsed time: 3.563 sec.
@I [HLS-111] Elapsed time: 0.86 seconds; current memory usage: 37.9 MB.
@I [HLS-100] Command 'elaborate' returned 2; elapsed 0.28Total elapsed time: 3.563 sec.
@I [HLS-100] Command 'csynth_design' returned 2; elapsed 0.28Total elapsed time: 3.564 sec.
@I [HLS-100] Command 'ap_source' returned 1; elapsed 0.57Total elapsed time: 3.564 sec.
command 'ap_source' returned error code
    while executing
"source [lindex $::argv 1] "
    ("uplevel" body line 1)
    invoked from within
"uplevel \#0 { source [lindex $::argv 1] } "

@I [HLS-100] Command "cleanup_all "
@I [HLS-100] Command 'cleanup_all' returned 0; elapsed 0Total elapsed time: 3.564 sec.
