

================================================================
== Vivado HLS Report for 'gen_pwm'
================================================================
* Date:           Tue Oct 13 10:18:11 2015

* Version:        2014.4 (Build 1071461 on Tue Nov 18 16:42:57 PM 2014)
* Project:        hls_pwm
* Solution:       solution_pwm
* Product family: zynq
* Target device:  xc7z010clg400-1


================================================================
== Performance Estimates
================================================================
+ Timing (ns): 
    * Summary: 
    +---------+-------+----------+------------+
    |  Clock  | Target| Estimated| Uncertainty|
    +---------+-------+----------+------------+
    |default  |  20.00|      2.52|        2.50|
    +---------+-------+----------+------------+

+ Latency (clock cycles): 
    * Summary: 
    +-----+-----+-----+-----+---------+
    |  Latency  |  Interval | Pipeline|
    | min | max | min | max |   Type  |
    +-----+-----+-----+-----+---------+
    |    ?|    ?|    ?|    ?|   none  |
    +-----+-----+-----+-----+---------+

    + Detail: 
        * Instance: 
        N/A

        * Loop: 
        +----------+-----+-----+----------+-----------+-----------+------+----------+
        |          |  Latency  | Iteration|  Initiation Interval  | Trip |          |
        | Loop Name| min | max |  Latency |  achieved |   target  | Count| Pipelined|
        +----------+-----+-----+----------+-----------+-----------+------+----------+
        |- Loop 1  |    ?|    ?|         1|          -|          -|     ?|    no    |
        +----------+-----+-----+----------+-----------+-----------+------+----------+



================================================================
== Utilization Estimates
================================================================
* Summary: 
+-----------------+---------+-------+-------+-------+
|       Name      | BRAM_18K| DSP48E|   FF  |  LUT  |
+-----------------+---------+-------+-------+-------+
|Expression       |        -|      -|      -|      -|
|FIFO             |        -|      -|      -|      -|
|Instance         |        -|      -|      -|      -|
|Memory           |        -|      -|      -|      -|
|Multiplexer      |        -|      -|      -|      -|
|Register         |        -|      -|      -|      -|
+-----------------+---------+-------+-------+-------+
|Total            |        0|      0|      0|      0|
+-----------------+---------+-------+-------+-------+
|Available        |      120|     80|  35200|  17600|
+-----------------+---------+-------+-------+-------+
|Utilization (%)  |        0|      0|      0|      0|
+-----------------+---------+-------+-------+-------+

+ Detail: 
    * Instance: 
    N/A

    * Memory: 
    N/A

    * FIFO: 
    N/A

    * Expression: 
    N/A

    * Multiplexer: 
    N/A

    * Register: 
    N/A



================================================================
== Interface
================================================================
* Summary: 
N/A

============================================================
+ Verbose Summary: Synthesis Manager
============================================================
InlineROM: 1
ExposeGlobal: 0
============================================================
+ Verbose Summary: CDFG Model
============================================================
IsTopModel: 1
ResetActiveHigh: 1
IsCombinational: 0
IsDatapathOnly: 0
HasWiredReturn: 1
HasMFsm: 0
HasVarLatency: 1
IsPipeline: 0
IsRtlPipelined: 0
IsInstanceOverlapped: 0
IsDontTouch: 0
HasImplIP: 0
IsGatedGlobalClock: 0


============================================================
+ Verbose Summary: Schedule
============================================================
* Number of FSM states: 2
* Pipeline: 0
* Dataflow Pipeline: 0

* FSM state transitions: 
1 --> 
	2  / true
2 --> 
	2  / (tmp)
* FSM state operations: 

 <State 1>: 1.57ns
ST_1: stg_3 [1/1] 0.00ns
:0  call void (...)* @_ssdm_op_SpecBitsMap(i32 %duty) nounwind, !map !0

ST_1: stg_4 [1/1] 0.00ns
:1  call void (...)* @_ssdm_op_SpecBitsMap(i32 %freq) nounwind, !map !6

ST_1: stg_5 [1/1] 0.00ns
:2  call void (...)* @_ssdm_op_SpecBitsMap(i1* %out_r) nounwind, !map !10

ST_1: stg_6 [1/1] 0.00ns
:3  call void (...)* @_ssdm_op_SpecTopModule([8 x i8]* @str) nounwind

ST_1: freq_read [1/1] 0.00ns
:4  %freq_read = call i32 @_ssdm_op_Read.ap_auto.i32(i32 %freq) nounwind

ST_1: duty_read [1/1] 0.00ns
:5  %duty_read = call i32 @_ssdm_op_Read.ap_auto.i32(i32 %duty) nounwind

ST_1: stg_9 [1/1] 0.00ns
:6  call void (...)* @_ssdm_op_SpecInterface(i32 0, [14 x i8]* @p_str, i32 0, i32 0, i32 0, i32 0, [1 x i8]* @p_str1, [1 x i8]* @p_str1, [1 x i8]* @p_str1) nounwind

ST_1: stg_10 [1/1] 0.00ns
:7  call void (...)* @_ssdm_op_SpecResourceLimit(i32 1, [4 x i8]* @p_str2, [1 x i8]* @p_str1, [1 x i8]* @p_str1, [1 x i8]* @p_str1) nounwind

ST_1: stg_11 [1/1] 1.57ns
:8  br label %1


 <State 2>: 2.52ns
ST_2: i [1/1] 0.00ns
:0  %i = phi i31 [ 0, %0 ], [ %i_1, %2 ]

ST_2: i_cast [1/1] 0.00ns
:1  %i_cast = zext i31 %i to i32

ST_2: tmp [1/1] 2.52ns
:2  %tmp = icmp slt i32 %i_cast, %freq_read

ST_2: i_1 [1/1] 2.44ns
:3  %i_1 = add i31 %i, 1

ST_2: stg_16 [1/1] 0.00ns
:4  br i1 %tmp, label %2, label %3

ST_2: tmp_1 [1/1] 2.52ns
:0  %tmp_1 = icmp slt i32 %i_cast, %duty_read

ST_2: stg_18 [1/1] 0.00ns
:1  call void @_ssdm_op_Write.ap_auto.i1P(i1* %out_r, i1 %tmp_1) nounwind

ST_2: stg_19 [1/1] 0.00ns
:2  br label %1

ST_2: stg_20 [1/1] 0.00ns
:0  ret void



============================================================
+ Verbose Summary: Binding
============================================================
N/A
* FSMD analyzer results:
  - Output states:
  - Chain level:
	State 1
	State 2


============================================================
+ Verbose Summary: Datapath Resource usage 
============================================================
N/A
