==============================================================
File generated by Vivado(TM) HLS - High-Level Synthesis from C, C++ and SystemC
Version: 2014.4
Copyright (C) 2014 Xilinx Inc. All rights reserved.

==============================================================

@I [HLS-10] Setting target device to 'xc7z010clg400-1'
@I [SYN-201] Setting up clock 'default' with a period of 10ns.
@I [HLS-10] Analyzing design file './gen_pwm.cpp' ... 
@I [HLS-10] Validating synthesis directives ...
@W [HLS-40] Directive 'ARRAY_PARTITION' cannot be applied: Variable 'coeff' is not declared in 'gen_pwm'.
@W [HLS-40] Directive 'ARRAY_PARTITION' cannot be applied: Variable 'din' is not declared in 'gen_pwm'.
@W [HLS-40] Directive 'ARRAY_PARTITION' cannot be applied: Variable 'dout' is not declared in 'gen_pwm'.
@W [HLS-40] Directive 'INTERFACE' cannot be applied: Variable 'dout' is not declared in 'gen_pwm'.
@I [HLS-10] Starting code transformations ...
@E [SYNCHK-79] Cannot find the top function 'gen_pwd' in the design. Possible causes are: (1) the top function name is misspelled; (2) the top function is nonexistent or declared as static.
@E [HLS-70] Synthesizability check failed.
@I [HLS-111] Elapsed time: 0.86 seconds; current memory usage: 37.9 MB.
command 'ap_source' returned error code
    while executing
"source [lindex $::argv 1] "
    ("uplevel" body line 1)
    invoked from within
"uplevel \#0 { source [lindex $::argv 1] } "

@I [HLS-112] Total elapsed time: 3.585 seconds; peak memory usage: 37.9 MB.
@I [LIC-101] Checked in feature [HLS]
